<?xml version="1.0" encoding="utf-8"?><testsuites name="pytest tests"><testsuite name="pytest" errors="0" failures="0" skipped="0" tests="16" time="5.893" timestamp="2026-02-01T11:57:18.726545+00:00" hostname="agent-env-1e026872-3938-4df9-bf24-e758cf702326"><testcase classname="tests.test_logo_reports.TestAuth" name="test_system_admin_login" time="0.334" /><testcase classname="tests.test_logo_reports.TestAuth" name="test_procurement_manager_login" time="0.282" /><testcase classname="tests.test_logo_reports.TestCompanySettings" name="test_get_company_settings" time="0.331" /><testcase classname="tests.test_logo_reports.TestCompanySettings" name="test_get_all_settings" time="0.326" /><testcase classname="tests.test_logo_reports.TestGlobalReports" name="test_global_summary_report" time="0.336" /><testcase classname="tests.test_logo_reports.TestGlobalReports" name="test_buildings_summary_report" time="0.335" /><testcase classname="tests.test_logo_reports.TestGlobalReports" name="test_orders_summary_report" time="0.323" /><testcase classname="tests.test_logo_reports.TestGlobalReports" name="test_supply_summary_report" time="0.316" /><testcase classname="tests.test_logo_reports.TestGlobalReports" name="test_quantity_alerts" time="0.324" /><testcase classname="tests.test_logo_reports.TestExcelExport" name="test_excel_export_all" time="0.626" /><testcase classname="tests.test_logo_reports.TestExcelExport" name="test_excel_export_buildings" time="0.397" /><testcase classname="tests.test_logo_reports.TestExcelExport" name="test_excel_export_orders" time="0.351" /><testcase classname="tests.test_logo_reports.TestExcelExport" name="test_excel_export_supply" time="0.350" /><testcase classname="tests.test_logo_reports.TestRFQPDFExport" name="test_get_rfqs_list" time="0.332" /><testcase classname="tests.test_logo_reports.TestRFQPDFExport" name="test_rfq_pdf_export" time="0.423" /><testcase classname="tests.test_logo_reports.TestProjectsAPI" name="test_get_projects_list" time="0.363" /></testsuite></testsuites>