<?xml version="1.0" encoding="utf-8"?><testsuites name="pytest tests"><testsuite name="pytest" errors="0" failures="1" skipped="0" tests="9" time="2.810" timestamp="2026-01-21T13:31:28.606705+00:00" hostname="agent-env-5251f276-be5c-4b5d-a315-d23830c13afd"><testcase classname="tests.test_bug_fixes_iteration_current.TestUserLogin" name="test_supervisor_login" time="0.301" /><testcase classname="tests.test_bug_fixes_iteration_current.TestUserLogin" name="test_admin_login" time="0.284" /><testcase classname="tests.test_bug_fixes_iteration_current.TestUserLogin" name="test_procurement_login" time="0.038"><failure message="AssertionError: Login failed: {&quot;detail&quot;:&quot;البريد الإلكتروني أو كلمة المرور غير صحيحة&quot;}&#10;assert 401 == 200&#10; +  where 401 = &lt;Response [401]&gt;.status_code">tests/test_bug_fixes_iteration_current.py:54: in test_procurement_login
    assert response.status_code == 200, f"Login failed: {response.text}"
E   AssertionError: Login failed: {"detail":"البريد الإلكتروني أو كلمة المرور غير صحيحة"}
E   assert 401 == 200
E    +  where 401 = &lt;Response [401]&gt;.status_code</failure></testcase><testcase classname="tests.test_bug_fixes_iteration_current.TestProjectDeletion" name="test_get_projects_list" time="0.313" /><testcase classname="tests.test_bug_fixes_iteration_current.TestProjectDeletion" name="test_create_and_delete_project" time="0.455" /><testcase classname="tests.test_bug_fixes_iteration_current.TestSupplyReport" name="test_get_projects_for_supply_report" time="0.357" /><testcase classname="tests.test_bug_fixes_iteration_current.TestSupplyReport" name="test_supply_details_endpoint_structure" time="0.355" /><testcase classname="tests.test_bug_fixes_iteration_current.TestSupplyReport" name="test_supply_details_with_invalid_project" time="0.319" /><testcase classname="tests.test_bug_fixes_iteration_current.TestBuildingsDashboard" name="test_buildings_dashboard" time="0.317" /></testsuite></testsuites>