<?xml version="1.0" encoding="utf-8"?><testsuites name="pytest tests"><testsuite name="pytest" errors="0" failures="7" skipped="0" tests="41" time="12.522" timestamp="2026-01-21T16:39:38.743115+00:00" hostname="agent-env-d15caea6-9651-4b94-a4d6-4f2d54a2fd5b"><testcase classname="tests.test_full_workflow_iteration2.TestAuthenticationFlow" name="test_01_supervisor_login" time="0.306" /><testcase classname="tests.test_full_workflow_iteration2.TestAuthenticationFlow" name="test_02_engineer_login" time="0.285" /><testcase classname="tests.test_full_workflow_iteration2.TestAuthenticationFlow" name="test_03_procurement_manager_login" time="0.275" /><testcase classname="tests.test_full_workflow_iteration2.TestAuthenticationFlow" name="test_04_general_manager_login" time="0.278" /><testcase classname="tests.test_full_workflow_iteration2.TestAuthenticationFlow" name="test_05_quantity_engineer_login" time="0.278" /><testcase classname="tests.test_full_workflow_iteration2.TestAuthenticationFlow" name="test_06_delivery_tracker_login" time="0.278" /><testcase classname="tests.test_full_workflow_iteration2.TestMaterialRequestFlow" name="test_01_get_engineers_list" time="0.324" /><testcase classname="tests.test_full_workflow_iteration2.TestMaterialRequestFlow" name="test_02_create_material_request" time="0.300" /><testcase classname="tests.test_full_workflow_iteration2.TestMaterialRequestFlow" name="test_03_get_pending_requests" time="0.290" /><testcase classname="tests.test_full_workflow_iteration2.TestMaterialRequestFlow" name="test_04_approve_request_as_engineer" time="0.640" /><testcase classname="tests.test_full_workflow_iteration2.TestRFQFlow" name="test_01_get_rfq_list" time="0.300" /><testcase classname="tests.test_full_workflow_iteration2.TestRFQFlow" name="test_02_create_rfq" time="0.307"><failure message="AssertionError: Failed to create RFQ: {&quot;id&quot;:&quot;e7279c0a-3c86-46f8-9e86-cdfdeeb094eb&quot;,&quot;rfq_number&quot;:&quot;RFQ-26-0004&quot;,&quot;title&quot;:&quot;TEST_طلب عرض سعر - مواد سباكة&quot;,&quot;description&quot;:&quot;اختبار إنشاء طلب عرض سعر&quot;,&quot;project_id&quot;:&quot;6761dd25-aef6-47e5-947b-ca7b262f347a&quot;,&quot;project_name&quot;:&quot;مشروع 225&quot;,&quot;status&quot;:&quot;draft&quot;,&quot;submission_deadline&quot;:&quot;2026-02-04T16:39:42.639551&quot;,&quot;validity_period&quot;:30,&quot;payment_terms&quot;:&quot;30 يوم من تاريخ الفاتورة&quot;,&quot;delivery_location&quot;:&quot;موقع المشروع&quot;,&quot;delivery_terms&quot;:null,&quot;notes&quot;:null,&quot;created_by&quot;:&quot;00124dc1-dfee-49ca-979e-8fa20f1b79b2&quot;,&quot;created_by_name&quot;:&quot;مدير مشتريات&quot;,&quot;created_at&quot;:&quot;2026-01-21T16:39:42.651104+00:00&quot;,&quot;updated_at&quot;:null,&quot;sent_at&quot;:null,&quot;closed_at&quot;:null,&quot;request_id&quot;:null,&quot;request_number&quot;:null,&quot;items&quot;:[{&quot;id&quot;:&quot;2641f4c8-fb8d-46f2-a5cb-e954c3ccd9d6&quot;,&quot;item_name&quot;:&quot;TEST_جلبة 3/4&quot;,&quot;item_code&quot;:null,&quot;description&quot;:null,&quot;quantity&quot;:100.0,&quot;unit&quot;:&quot;قطعة&quot;,&quot;catalog_item_id&quot;:null,&quot;estimated_price&quot;:5.0,&quot;item_index&quot;:0},{&quot;id&quot;:&quot;a0fb9bc0-28d3-4501-9a11-a9601fa1586a&quot;,&quot;item_name&quot;:&quot;TEST_مواسير PVC&quot;,&quot;item_code&quot;:null,&quot;description&quot;:null,&quot;quantity&quot;:50.0,&quot;unit&quot;:&quot;متر&quot;,&quot;catalog_item_id&quot;:null,&quot;estimated_price&quot;:15.0,&quot;item_index&quot;:1}],&quot;suppliers&quot;:[],&quot;quotations_count&quot;:0,&quot;quotations&quot;:[]}&#10;assert 200 == 201&#10; +  where 200 = &lt;Response [200]&gt;.status_code">tests/test_full_workflow_iteration2.py:300: in test_02_create_rfq
    assert response.status_code == 201, f"Failed to create RFQ: {response.text}"
E   AssertionError: Failed to create RFQ: {"id":"e7279c0a-3c86-46f8-9e86-cdfdeeb094eb","rfq_number":"RFQ-26-0004","title":"TEST_طلب عرض سعر - مواد سباكة","description":"اختبار إنشاء طلب عرض سعر","project_id":"6761dd25-aef6-47e5-947b-ca7b262f347a","project_name":"مشروع 225","status":"draft","submission_deadline":"2026-02-04T16:39:42.639551","validity_period":30,"payment_terms":"30 يوم من تاريخ الفاتورة","delivery_location":"موقع المشروع","delivery_terms":null,"notes":null,"created_by":"00124dc1-dfee-49ca-979e-8fa20f1b79b2","created_by_name":"مدير مشتريات","created_at":"2026-01-21T16:39:42.651104+00:00","updated_at":null,"sent_at":null,"closed_at":null,"request_id":null,"request_number":null,"items":[{"id":"2641f4c8-fb8d-46f2-a5cb-e954c3ccd9d6","item_name":"TEST_جلبة 3/4","item_code":null,"description":null,"quantity":100.0,"unit":"قطعة","catalog_item_id":null,"estimated_price":5.0,"item_index":0},{"id":"a0fb9bc0-28d3-4501-9a11-a9601fa1586a","item_name":"TEST_مواسير PVC","item_code":null,"description":null,"quantity":50.0,"unit":"متر","catalog_item_id":null,"estimated_price":15.0,"item_index":1}],"suppliers":[],"quotations_count":0,"quotations":[]}
E   assert 200 == 201
E    +  where 200 = &lt;Response [200]&gt;.status_code</failure></testcase><testcase classname="tests.test_full_workflow_iteration2.TestRFQFlow" name="test_03_get_rfq_stats" time="0.293" /><testcase classname="tests.test_full_workflow_iteration2.TestPurchaseOrderFlow" name="test_01_get_orders_list" time="0.289" /><testcase classname="tests.test_full_workflow_iteration2.TestPurchaseOrderFlow" name="test_02_get_order_stats" time="0.322" /><testcase classname="tests.test_full_workflow_iteration2.TestPurchaseOrderFlow" name="test_03_get_pending_orders" time="0.319" /><testcase classname="tests.test_full_workflow_iteration2.TestGMApprovalFlow" name="test_01_get_gm_pending_approvals" time="0.301"><failure message="AssertionError: Failed to get GM pending: {&quot;detail&quot;:&quot;Not Found&quot;}&#10;assert 404 == 200&#10; +  where 404 = &lt;Response [404]&gt;.status_code">tests/test_full_workflow_iteration2.py:402: in test_01_get_gm_pending_approvals
    assert response.status_code == 200, f"Failed to get GM pending: {response.text}"
E   AssertionError: Failed to get GM pending: {"detail":"Not Found"}
E   assert 404 == 200
E    +  where 404 = &lt;Response [404]&gt;.status_code</failure></testcase><testcase classname="tests.test_full_workflow_iteration2.TestGMApprovalFlow" name="test_02_get_gm_approval_limit" time="0.287"><failure message="AssertionError: Failed to get approval limit: {&quot;detail&quot;:&quot;Not Found&quot;}&#10;assert 404 == 200&#10; +  where 404 = &lt;Response [404]&gt;.status_code">tests/test_full_workflow_iteration2.py:415: in test_02_get_gm_approval_limit
    assert response.status_code == 200, f"Failed to get approval limit: {response.text}"
E   AssertionError: Failed to get approval limit: {"detail":"Not Found"}
E   assert 404 == 200
E    +  where 404 = &lt;Response [404]&gt;.status_code</failure></testcase><testcase classname="tests.test_full_workflow_iteration2.TestBudgetFeature" name="test_01_get_budget_categories" time="0.286"><failure message="AttributeError: 'list' object has no attribute 'get'">tests/test_full_workflow_iteration2.py:448: in test_01_get_budget_categories
    print(f"✓ Found {len(data.get('items', data))} budget categories")
                         ^^^^^^^^
E   AttributeError: 'list' object has no attribute 'get'</failure></testcase><testcase classname="tests.test_full_workflow_iteration2.TestBudgetFeature" name="test_02_get_budget_summary" time="0.289"><failure message="AssertionError: Failed to get budget summary: Internal Server Error&#10;assert 520 == 200&#10; +  where 520 = &lt;Response [520]&gt;.status_code">tests/test_full_workflow_iteration2.py:459: in test_02_get_budget_summary
    assert response.status_code == 200, f"Failed to get budget summary: {response.text}"
E   AssertionError: Failed to get budget summary: Internal Server Error
E   assert 520 == 200
E    +  where 520 = &lt;Response [520]&gt;.status_code</failure></testcase><testcase classname="tests.test_full_workflow_iteration2.TestCatalogAndAliases" name="test_01_get_catalog_items" time="0.295" /><testcase classname="tests.test_full_workflow_iteration2.TestCatalogAndAliases" name="test_02_search_catalog" time="0.282" /><testcase classname="tests.test_full_workflow_iteration2.TestCatalogAndAliases" name="test_03_get_aliases" time="0.279" /><testcase classname="tests.test_full_workflow_iteration2.TestCatalogAndAliases" name="test_04_get_catalog_categories" time="0.284" /><testcase classname="tests.test_full_workflow_iteration2.TestQuantityEngineerFeatures" name="test_01_get_quantity_dashboard_stats" time="0.325" /><testcase classname="tests.test_full_workflow_iteration2.TestQuantityEngineerFeatures" name="test_02_get_planned_quantities" time="0.291" /><testcase classname="tests.test_full_workflow_iteration2.TestQuantityEngineerFeatures" name="test_03_get_quantity_alerts" time="0.291"><failure message="AttributeError: 'list' object has no attribute 'get'">tests/test_full_workflow_iteration2.py:588: in test_03_get_quantity_alerts
    print(f"✓ Found {len(alerts.get('items', alerts))} quantity alerts")
                         ^^^^^^^^^^
E   AttributeError: 'list' object has no attribute 'get'</failure></testcase><testcase classname="tests.test_full_workflow_iteration2.TestBuildingsSystem" name="test_01_get_buildings_dashboard" time="0.292" /><testcase classname="tests.test_full_workflow_iteration2.TestBuildingsSystem" name="test_02_get_project_templates" time="0.286" /><testcase classname="tests.test_full_workflow_iteration2.TestBuildingsSystem" name="test_03_get_project_floors" time="0.291" /><testcase classname="tests.test_full_workflow_iteration2.TestBuildingsSystem" name="test_04_get_supply_tracking" time="0.286" /><testcase classname="tests.test_full_workflow_iteration2.TestBuildingsSystem" name="test_05_get_supply_report" time="0.284" /><testcase classname="tests.test_full_workflow_iteration2.TestDeliveryTracking" name="test_01_get_deliveries" time="0.287"><failure message="AssertionError: Failed to get deliveries: {&quot;detail&quot;:&quot;Not Found&quot;}&#10;assert 404 == 200&#10; +  where 404 = &lt;Response [404]&gt;.status_code">tests/test_full_workflow_iteration2.py:700: in test_01_get_deliveries
    assert response.status_code == 200, f"Failed to get deliveries: {response.text}"
E   AssertionError: Failed to get deliveries: {"detail":"Not Found"}
E   assert 404 == 200
E    +  where 404 = &lt;Response [404]&gt;.status_code</failure></testcase><testcase classname="tests.test_full_workflow_iteration2.TestDeliveryTracking" name="test_02_get_delivery_stats" time="0.304" /><testcase classname="tests.test_full_workflow_iteration2.TestDeliveryTracking" name="test_03_get_pending_deliveries" time="0.335" /><testcase classname="tests.test_full_workflow_iteration2.TestReportsFeature" name="test_01_get_dashboard_report" time="0.304" /><testcase classname="tests.test_full_workflow_iteration2.TestReportsFeature" name="test_02_get_budget_report" time="0.305" /><testcase classname="tests.test_full_workflow_iteration2.TestReportsFeature" name="test_03_get_price_variance_report" time="0.285" /><testcase classname="tests.test_full_workflow_iteration2.TestReportsFeature" name="test_04_get_supplier_performance" time="0.480" /><testcase classname="tests.test_full_workflow_iteration2.TestRequestStats" name="test_01_get_request_stats" time="0.330" /><testcase classname="tests.test_full_workflow_iteration2.TestCleanup" name="test_cleanup_test_requests" time="0.000" /></testsuite></testsuites>