<?xml version="1.0" encoding="utf-8"?><testsuites name="pytest tests"><testsuite name="pytest" errors="0" failures="0" skipped="0" tests="41" time="12.695" timestamp="2026-01-21T16:42:03.640842+00:00" hostname="agent-env-d15caea6-9651-4b94-a4d6-4f2d54a2fd5b"><testcase classname="tests.test_full_workflow_iteration2.TestAuthenticationFlow" name="test_01_supervisor_login" time="0.373" /><testcase classname="tests.test_full_workflow_iteration2.TestAuthenticationFlow" name="test_02_engineer_login" time="0.281" /><testcase classname="tests.test_full_workflow_iteration2.TestAuthenticationFlow" name="test_03_procurement_manager_login" time="0.282" /><testcase classname="tests.test_full_workflow_iteration2.TestAuthenticationFlow" name="test_04_general_manager_login" time="0.283" /><testcase classname="tests.test_full_workflow_iteration2.TestAuthenticationFlow" name="test_05_quantity_engineer_login" time="0.283" /><testcase classname="tests.test_full_workflow_iteration2.TestAuthenticationFlow" name="test_06_delivery_tracker_login" time="0.278" /><testcase classname="tests.test_full_workflow_iteration2.TestMaterialRequestFlow" name="test_01_get_engineers_list" time="0.292" /><testcase classname="tests.test_full_workflow_iteration2.TestMaterialRequestFlow" name="test_02_create_material_request" time="0.357" /><testcase classname="tests.test_full_workflow_iteration2.TestMaterialRequestFlow" name="test_03_get_pending_requests" time="0.288" /><testcase classname="tests.test_full_workflow_iteration2.TestMaterialRequestFlow" name="test_04_approve_request_as_engineer" time="0.656" /><testcase classname="tests.test_full_workflow_iteration2.TestRFQFlow" name="test_01_get_rfq_list" time="0.384" /><testcase classname="tests.test_full_workflow_iteration2.TestRFQFlow" name="test_02_create_rfq" time="0.343" /><testcase classname="tests.test_full_workflow_iteration2.TestRFQFlow" name="test_03_get_rfq_stats" time="0.297" /><testcase classname="tests.test_full_workflow_iteration2.TestPurchaseOrderFlow" name="test_01_get_orders_list" time="0.296" /><testcase classname="tests.test_full_workflow_iteration2.TestPurchaseOrderFlow" name="test_02_get_order_stats" time="0.338" /><testcase classname="tests.test_full_workflow_iteration2.TestPurchaseOrderFlow" name="test_03_get_pending_orders" time="0.334" /><testcase classname="tests.test_full_workflow_iteration2.TestGMApprovalFlow" name="test_01_get_gm_pending_approvals" time="0.295" /><testcase classname="tests.test_full_workflow_iteration2.TestGMApprovalFlow" name="test_02_get_gm_approval_limit" time="0.331" /><testcase classname="tests.test_full_workflow_iteration2.TestBudgetFeature" name="test_01_get_budget_categories" time="0.295" /><testcase classname="tests.test_full_workflow_iteration2.TestBudgetFeature" name="test_02_get_budget_summary" time="0.286" /><testcase classname="tests.test_full_workflow_iteration2.TestCatalogAndAliases" name="test_01_get_catalog_items" time="0.293" /><testcase classname="tests.test_full_workflow_iteration2.TestCatalogAndAliases" name="test_02_search_catalog" time="0.289" /><testcase classname="tests.test_full_workflow_iteration2.TestCatalogAndAliases" name="test_03_get_aliases" time="0.301" /><testcase classname="tests.test_full_workflow_iteration2.TestCatalogAndAliases" name="test_04_get_catalog_categories" time="0.285" /><testcase classname="tests.test_full_workflow_iteration2.TestQuantityEngineerFeatures" name="test_01_get_quantity_dashboard_stats" time="0.291" /><testcase classname="tests.test_full_workflow_iteration2.TestQuantityEngineerFeatures" name="test_02_get_planned_quantities" time="0.296" /><testcase classname="tests.test_full_workflow_iteration2.TestQuantityEngineerFeatures" name="test_03_get_quantity_alerts" time="0.283" /><testcase classname="tests.test_full_workflow_iteration2.TestBuildingsSystem" name="test_01_get_buildings_dashboard" time="0.286" /><testcase classname="tests.test_full_workflow_iteration2.TestBuildingsSystem" name="test_02_get_project_templates" time="0.333" /><testcase classname="tests.test_full_workflow_iteration2.TestBuildingsSystem" name="test_03_get_project_floors" time="0.288" /><testcase classname="tests.test_full_workflow_iteration2.TestBuildingsSystem" name="test_04_get_supply_tracking" time="0.283" /><testcase classname="tests.test_full_workflow_iteration2.TestBuildingsSystem" name="test_05_get_supply_report" time="0.289" /><testcase classname="tests.test_full_workflow_iteration2.TestDeliveryTracking" name="test_01_get_deliveries" time="0.307" /><testcase classname="tests.test_full_workflow_iteration2.TestDeliveryTracking" name="test_02_get_delivery_stats" time="0.345" /><testcase classname="tests.test_full_workflow_iteration2.TestDeliveryTracking" name="test_03_get_pending_deliveries" time="0.328" /><testcase classname="tests.test_full_workflow_iteration2.TestReportsFeature" name="test_01_get_dashboard_report" time="0.287" /><testcase classname="tests.test_full_workflow_iteration2.TestReportsFeature" name="test_02_get_budget_report" time="0.291" /><testcase classname="tests.test_full_workflow_iteration2.TestReportsFeature" name="test_03_get_price_variance_report" time="0.321" /><testcase classname="tests.test_full_workflow_iteration2.TestReportsFeature" name="test_04_get_supplier_performance" time="0.328" /><testcase classname="tests.test_full_workflow_iteration2.TestRequestStats" name="test_01_get_request_stats" time="0.287" /><testcase classname="tests.test_full_workflow_iteration2.TestCleanup" name="test_cleanup_test_requests" time="0.000" /></testsuite></testsuites>