<?xml version="1.0" encoding="utf-8"?><testsuites name="pytest tests"><testsuite name="pytest" errors="0" failures="22" skipped="0" tests="41" time="12.306" timestamp="2026-01-21T16:38:30.466350+00:00" hostname="agent-env-d15caea6-9651-4b94-a4d6-4f2d54a2fd5b"><testcase classname="tests.test_full_workflow_iteration2.TestAuthenticationFlow" name="test_01_supervisor_login" time="0.398" /><testcase classname="tests.test_full_workflow_iteration2.TestAuthenticationFlow" name="test_02_engineer_login" time="0.283" /><testcase classname="tests.test_full_workflow_iteration2.TestAuthenticationFlow" name="test_03_procurement_manager_login" time="0.279"><failure message="AssertionError: Procurement manager login failed: {&quot;detail&quot;:&quot;البريد الإلكتروني أو كلمة المرور غير صحيحة&quot;}&#10;assert 401 == 200&#10; +  where 401 = &lt;Response [401]&gt;.status_code">tests/test_full_workflow_iteration2.py:78: in test_03_procurement_manager_login
    assert response.status_code == 200, f"Procurement manager login failed: {response.text}"
E   AssertionError: Procurement manager login failed: {"detail":"البريد الإلكتروني أو كلمة المرور غير صحيحة"}
E   assert 401 == 200
E    +  where 401 = &lt;Response [401]&gt;.status_code</failure></testcase><testcase classname="tests.test_full_workflow_iteration2.TestAuthenticationFlow" name="test_04_general_manager_login" time="0.274" /><testcase classname="tests.test_full_workflow_iteration2.TestAuthenticationFlow" name="test_05_quantity_engineer_login" time="0.284" /><testcase classname="tests.test_full_workflow_iteration2.TestAuthenticationFlow" name="test_06_delivery_tracker_login" time="0.276" /><testcase classname="tests.test_full_workflow_iteration2.TestMaterialRequestFlow" name="test_01_get_engineers_list" time="0.298" /><testcase classname="tests.test_full_workflow_iteration2.TestMaterialRequestFlow" name="test_02_create_material_request" time="0.317" /><testcase classname="tests.test_full_workflow_iteration2.TestMaterialRequestFlow" name="test_03_get_pending_requests" time="0.327" /><testcase classname="tests.test_full_workflow_iteration2.TestMaterialRequestFlow" name="test_04_approve_request_as_engineer" time="0.647" /><testcase classname="tests.test_full_workflow_iteration2.TestRFQFlow" name="test_01_get_rfq_list" time="0.276"><failure message="AssertionError: Failed to login as procurement manager&#10;assert None">tests/test_full_workflow_iteration2.py:265: in test_01_get_rfq_list
    assert token, "Failed to login as procurement manager"
E   AssertionError: Failed to login as procurement manager
E   assert None</failure></testcase><testcase classname="tests.test_full_workflow_iteration2.TestRFQFlow" name="test_02_create_rfq" time="0.281"><failure message="AssertionError: Failed to login as procurement manager&#10;assert None">tests/test_full_workflow_iteration2.py:278: in test_02_create_rfq
    assert token, "Failed to login as procurement manager"
E   AssertionError: Failed to login as procurement manager
E   assert None</failure></testcase><testcase classname="tests.test_full_workflow_iteration2.TestRFQFlow" name="test_03_get_rfq_stats" time="0.274"><failure message="AssertionError: Failed to login as procurement manager&#10;assert None">tests/test_full_workflow_iteration2.py:308: in test_03_get_rfq_stats
    assert token, "Failed to login as procurement manager"
E   AssertionError: Failed to login as procurement manager
E   assert None</failure></testcase><testcase classname="tests.test_full_workflow_iteration2.TestPurchaseOrderFlow" name="test_01_get_orders_list" time="0.280"><failure message="AssertionError: Failed to login as procurement manager&#10;assert None">tests/test_full_workflow_iteration2.py:339: in test_01_get_orders_list
    assert token, "Failed to login as procurement manager"
E   AssertionError: Failed to login as procurement manager
E   assert None</failure></testcase><testcase classname="tests.test_full_workflow_iteration2.TestPurchaseOrderFlow" name="test_02_get_order_stats" time="0.274"><failure message="AssertionError: Failed to login as procurement manager&#10;assert None">tests/test_full_workflow_iteration2.py:352: in test_02_get_order_stats
    assert token, "Failed to login as procurement manager"
E   AssertionError: Failed to login as procurement manager
E   assert None</failure></testcase><testcase classname="tests.test_full_workflow_iteration2.TestPurchaseOrderFlow" name="test_03_get_pending_orders" time="0.276"><failure message="AssertionError: Failed to login as procurement manager&#10;assert None">tests/test_full_workflow_iteration2.py:365: in test_03_get_pending_orders
    assert token, "Failed to login as procurement manager"
E   AssertionError: Failed to login as procurement manager
E   assert None</failure></testcase><testcase classname="tests.test_full_workflow_iteration2.TestGMApprovalFlow" name="test_01_get_gm_pending_approvals" time="0.341"><failure message="AssertionError: Failed to get GM pending: {&quot;detail&quot;:&quot;Not Found&quot;}&#10;assert 404 == 200&#10; +  where 404 = &lt;Response [404]&gt;.status_code">tests/test_full_workflow_iteration2.py:402: in test_01_get_gm_pending_approvals
    assert response.status_code == 200, f"Failed to get GM pending: {response.text}"
E   AssertionError: Failed to get GM pending: {"detail":"Not Found"}
E   assert 404 == 200
E    +  where 404 = &lt;Response [404]&gt;.status_code</failure></testcase><testcase classname="tests.test_full_workflow_iteration2.TestGMApprovalFlow" name="test_02_get_gm_approval_limit" time="0.285"><failure message="AssertionError: Failed to get approval limit: {&quot;detail&quot;:&quot;Not Found&quot;}&#10;assert 404 == 200&#10; +  where 404 = &lt;Response [404]&gt;.status_code">tests/test_full_workflow_iteration2.py:415: in test_02_get_gm_approval_limit
    assert response.status_code == 200, f"Failed to get approval limit: {response.text}"
E   AssertionError: Failed to get approval limit: {"detail":"Not Found"}
E   assert 404 == 200
E    +  where 404 = &lt;Response [404]&gt;.status_code</failure></testcase><testcase classname="tests.test_full_workflow_iteration2.TestBudgetFeature" name="test_01_get_budget_categories" time="0.275"><failure message="AssertionError: Failed to login as procurement manager&#10;assert None">tests/test_full_workflow_iteration2.py:440: in test_01_get_budget_categories
    assert token, "Failed to login as procurement manager"
E   AssertionError: Failed to login as procurement manager
E   assert None</failure></testcase><testcase classname="tests.test_full_workflow_iteration2.TestBudgetFeature" name="test_02_get_budget_summary" time="0.273"><failure message="AssertionError: Failed to login as procurement manager&#10;assert None">tests/test_full_workflow_iteration2.py:453: in test_02_get_budget_summary
    assert token, "Failed to login as procurement manager"
E   AssertionError: Failed to login as procurement manager
E   assert None</failure></testcase><testcase classname="tests.test_full_workflow_iteration2.TestCatalogAndAliases" name="test_01_get_catalog_items" time="0.280"><failure message="AssertionError: Failed to login as procurement manager&#10;assert None">tests/test_full_workflow_iteration2.py:484: in test_01_get_catalog_items
    assert token, "Failed to login as procurement manager"
E   AssertionError: Failed to login as procurement manager
E   assert None</failure></testcase><testcase classname="tests.test_full_workflow_iteration2.TestCatalogAndAliases" name="test_02_search_catalog" time="0.273"><failure message="AssertionError: Failed to login as procurement manager&#10;assert None">tests/test_full_workflow_iteration2.py:497: in test_02_search_catalog
    assert token, "Failed to login as procurement manager"
E   AssertionError: Failed to login as procurement manager
E   assert None</failure></testcase><testcase classname="tests.test_full_workflow_iteration2.TestCatalogAndAliases" name="test_03_get_aliases" time="0.275"><failure message="AssertionError: Failed to login as procurement manager&#10;assert None">tests/test_full_workflow_iteration2.py:510: in test_03_get_aliases
    assert token, "Failed to login as procurement manager"
E   AssertionError: Failed to login as procurement manager
E   assert None</failure></testcase><testcase classname="tests.test_full_workflow_iteration2.TestCatalogAndAliases" name="test_04_get_catalog_categories" time="0.277"><failure message="AssertionError: Failed to login as procurement manager&#10;assert None">tests/test_full_workflow_iteration2.py:523: in test_04_get_catalog_categories
    assert token, "Failed to login as procurement manager"
E   AssertionError: Failed to login as procurement manager
E   assert None</failure></testcase><testcase classname="tests.test_full_workflow_iteration2.TestQuantityEngineerFeatures" name="test_01_get_quantity_dashboard_stats" time="0.295" /><testcase classname="tests.test_full_workflow_iteration2.TestQuantityEngineerFeatures" name="test_02_get_planned_quantities" time="0.292" /><testcase classname="tests.test_full_workflow_iteration2.TestQuantityEngineerFeatures" name="test_03_get_quantity_alerts" time="0.284"><failure message="AttributeError: 'list' object has no attribute 'get'">tests/test_full_workflow_iteration2.py:588: in test_03_get_quantity_alerts
    print(f"✓ Found {len(alerts.get('items', alerts))} quantity alerts")
                         ^^^^^^^^^^
E   AttributeError: 'list' object has no attribute 'get'</failure></testcase><testcase classname="tests.test_full_workflow_iteration2.TestBuildingsSystem" name="test_01_get_buildings_dashboard" time="0.292" /><testcase classname="tests.test_full_workflow_iteration2.TestBuildingsSystem" name="test_02_get_project_templates" time="0.288" /><testcase classname="tests.test_full_workflow_iteration2.TestBuildingsSystem" name="test_03_get_project_floors" time="0.288" /><testcase classname="tests.test_full_workflow_iteration2.TestBuildingsSystem" name="test_04_get_supply_tracking" time="0.286" /><testcase classname="tests.test_full_workflow_iteration2.TestBuildingsSystem" name="test_05_get_supply_report" time="0.289" /><testcase classname="tests.test_full_workflow_iteration2.TestDeliveryTracking" name="test_01_get_deliveries" time="0.290"><failure message="AssertionError: Failed to get deliveries: {&quot;detail&quot;:&quot;Not Found&quot;}&#10;assert 404 == 200&#10; +  where 404 = &lt;Response [404]&gt;.status_code">tests/test_full_workflow_iteration2.py:700: in test_01_get_deliveries
    assert response.status_code == 200, f"Failed to get deliveries: {response.text}"
E   AssertionError: Failed to get deliveries: {"detail":"Not Found"}
E   assert 404 == 200
E    +  where 404 = &lt;Response [404]&gt;.status_code</failure></testcase><testcase classname="tests.test_full_workflow_iteration2.TestDeliveryTracking" name="test_02_get_delivery_stats" time="0.285" /><testcase classname="tests.test_full_workflow_iteration2.TestDeliveryTracking" name="test_03_get_pending_deliveries" time="0.306" /><testcase classname="tests.test_full_workflow_iteration2.TestReportsFeature" name="test_01_get_dashboard_report" time="0.273"><failure message="AssertionError: Failed to login as procurement manager&#10;assert None">tests/test_full_workflow_iteration2.py:751: in test_01_get_dashboard_report
    assert token, "Failed to login as procurement manager"
E   AssertionError: Failed to login as procurement manager
E   assert None</failure></testcase><testcase classname="tests.test_full_workflow_iteration2.TestReportsFeature" name="test_02_get_budget_report" time="0.273"><failure message="AssertionError: Failed to login as procurement manager&#10;assert None">tests/test_full_workflow_iteration2.py:764: in test_02_get_budget_report
    assert token, "Failed to login as procurement manager"
E   AssertionError: Failed to login as procurement manager
E   assert None</failure></testcase><testcase classname="tests.test_full_workflow_iteration2.TestReportsFeature" name="test_03_get_price_variance_report" time="0.273"><failure message="AssertionError: Failed to login as procurement manager&#10;assert None">tests/test_full_workflow_iteration2.py:777: in test_03_get_price_variance_report
    assert token, "Failed to login as procurement manager"
E   AssertionError: Failed to login as procurement manager
E   assert None</failure></testcase><testcase classname="tests.test_full_workflow_iteration2.TestReportsFeature" name="test_04_get_supplier_performance" time="0.277"><failure message="AssertionError: Failed to login as procurement manager&#10;assert None">tests/test_full_workflow_iteration2.py:790: in test_04_get_supplier_performance
    assert token, "Failed to login as procurement manager"
E   AssertionError: Failed to login as procurement manager
E   assert None</failure></testcase><testcase classname="tests.test_full_workflow_iteration2.TestRequestStats" name="test_01_get_request_stats" time="0.273"><failure message="AssertionError: Failed to login as procurement manager&#10;assert None">tests/test_full_workflow_iteration2.py:821: in test_01_get_request_stats
    assert token, "Failed to login as procurement manager"
E   AssertionError: Failed to login as procurement manager
E   assert None</failure></testcase><testcase classname="tests.test_full_workflow_iteration2.TestCleanup" name="test_cleanup_test_requests" time="0.000" /></testsuite></testsuites>