<?xml version="1.0" encoding="utf-8"?><testsuites name="pytest tests"><testsuite name="pytest" errors="0" failures="0" skipped="0" tests="12" time="3.619" timestamp="2026-01-22T22:20:04.389981+00:00" hostname="agent-env-0672670c-6626-49e6-ad7b-da3f161f9562"><testcase classname="tests.test_alias_linking.TestAliasLinking" name="test_01_login_procurement_manager" time="0.306" /><testcase classname="tests.test_alias_linking.TestAliasLinking" name="test_02_get_catalog_aliases" time="0.286" /><testcase classname="tests.test_alias_linking.TestAliasLinking" name="test_03_get_catalog_items" time="0.305" /><testcase classname="tests.test_alias_linking.TestAliasLinking" name="test_04_get_projects" time="0.288" /><testcase classname="tests.test_alias_linking.TestAliasLinking" name="test_05_get_suppliers" time="0.291" /><testcase classname="tests.test_alias_linking.TestAliasLinking" name="test_06_get_material_requests" time="0.285" /><testcase classname="tests.test_alias_linking.TestAliasLinking" name="test_07_get_purchase_orders" time="0.280" /><testcase classname="tests.test_alias_linking.TestAliasLinking" name="test_08_verify_alias_structure" time="0.282" /><testcase classname="tests.test_alias_linking.TestConfirmDialogAPIs" name="test_01_suppliers_api" time="0.329" /><testcase classname="tests.test_alias_linking.TestConfirmDialogAPIs" name="test_02_projects_api" time="0.285" /><testcase classname="tests.test_alias_linking.TestConfirmDialogAPIs" name="test_03_catalog_items_api" time="0.289" /><testcase classname="tests.test_alias_linking.TestConfirmDialogAPIs" name="test_04_catalog_aliases_api" time="0.339" /></testsuite></testsuites>