<?xml version="1.0" encoding="utf-8"?><testsuites name="pytest tests"><testsuite name="pytest" errors="0" failures="0" skipped="0" tests="14" time="4.726" timestamp="2026-01-18T09:15:15.527519+00:00" hostname="agent-env-abb76b77-a78e-43bd-a93e-86b9430fa7d9"><testcase classname="tests.test_buildings_new_features.TestAuthentication" name="test_admin_login" time="0.347" /><testcase classname="tests.test_buildings_new_features.TestAuthentication" name="test_pm_login" time="0.285" /><testcase classname="tests.test_buildings_new_features.TestBuildingsDashboard" name="test_get_buildings_dashboard" time="0.335" /><testcase classname="tests.test_buildings_new_features.TestBuildingsPermissions" name="test_get_all_permissions" time="0.320" /><testcase classname="tests.test_buildings_new_features.TestBuildingsPermissions" name="test_get_my_permissions" time="0.328" /><testcase classname="tests.test_buildings_new_features.TestBuildingsPermissions" name="test_get_available_users" time="0.311" /><testcase classname="tests.test_buildings_new_features.TestBuildingsPermissions" name="test_grant_permission_requires_user_id" time="0.312" /><testcase classname="tests.test_buildings_new_features.TestProjectImportExport" name="test_download_project_template" time="0.333" /><testcase classname="tests.test_buildings_new_features.TestSupplyAdvancedReport" name="test_get_supply_details_report" time="0.364" /><testcase classname="tests.test_buildings_new_features.TestSupplyAdvancedReport" name="test_get_supply_details_invalid_project" time="0.332" /><testcase classname="tests.test_buildings_new_features.TestDeliveryAutoDeduction" name="test_delivery_tracker_orders_endpoint" time="0.329" /><testcase classname="tests.test_buildings_new_features.TestDeliveryAutoDeduction" name="test_delivery_tracker_stats" time="0.355" /><testcase classname="tests.test_buildings_new_features.TestBuildingsReports" name="test_get_reports_summary" time="0.318" /><testcase classname="tests.test_buildings_new_features.TestSupplyExport" name="test_export_supply_report" time="0.367" /></testsuite></testsuites>