<?xml version="1.0" encoding="utf-8"?><testsuites name="pytest tests"><testsuite name="pytest" errors="0" failures="0" skipped="0" tests="18" time="4.044" timestamp="2026-01-18T07:54:31.182576+00:00" hostname="agent-env-fdd9d96e-57a3-4fe8-bd58-02c4dffd18a2"><testcase classname="tests.test_buildings_system.TestBuildingsDashboard" name="test_get_dashboard" time="0.392" /><testcase classname="tests.test_buildings_system.TestBuildingsDashboard" name="test_dashboard_requires_auth" time="0.035" /><testcase classname="tests.test_buildings_system.TestUnitTemplates" name="test_get_templates" time="0.396" /><testcase classname="tests.test_buildings_system.TestUnitTemplates" name="test_create_template" time="0.084" /><testcase classname="tests.test_buildings_system.TestUnitTemplates" name="test_update_template" time="0.125" /><testcase classname="tests.test_buildings_system.TestUnitTemplates" name="test_delete_template" time="0.122" /><testcase classname="tests.test_buildings_system.TestProjectFloors" name="test_get_floors" time="0.353" /><testcase classname="tests.test_buildings_system.TestProjectFloors" name="test_create_floor" time="0.086" /><testcase classname="tests.test_buildings_system.TestProjectFloors" name="test_delete_floor" time="0.086" /><testcase classname="tests.test_buildings_system.TestAreaMaterials" name="test_get_area_materials" time="0.345" /><testcase classname="tests.test_buildings_system.TestAreaMaterials" name="test_create_area_material" time="0.078" /><testcase classname="tests.test_buildings_system.TestAreaMaterials" name="test_delete_area_material" time="0.077" /><testcase classname="tests.test_buildings_system.TestQuantityCalculations" name="test_calculate_quantities" time="0.351" /><testcase classname="tests.test_buildings_system.TestSupplyTracking" name="test_get_supply_tracking" time="0.348" /><testcase classname="tests.test_buildings_system.TestSupplyTracking" name="test_sync_supply" time="0.045" /><testcase classname="tests.test_buildings_system.TestBOQExport" name="test_export_boq_excel" time="0.446" /><testcase classname="tests.test_buildings_system.TestTemplateMaterials" name="test_add_template_material" time="0.464" /><testcase classname="tests.test_buildings_system.TestTemplateMaterials" name="test_delete_template_material" time="0.113" /></testsuite></testsuites>