<?xml version="1.0" encoding="utf-8"?><testsuites name="pytest tests"><testsuite name="pytest" errors="0" failures="0" skipped="0" tests="27" time="7.414" timestamp="2026-01-18T07:08:36.250112+00:00" hostname="agent-env-fdd9d96e-57a3-4fe8-bd58-02c4dffd18a2"><testcase classname="tests.test_clean_architecture_merge.TestHealthCheck" name="test_health_endpoint_returns_healthy" time="0.063" /><testcase classname="tests.test_clean_architecture_merge.TestAuthentication" name="test_system_admin_login" time="0.277" /><testcase classname="tests.test_clean_architecture_merge.TestAuthentication" name="test_procurement_manager_login" time="0.279" /><testcase classname="tests.test_clean_architecture_merge.TestAuthentication" name="test_general_manager_login" time="0.279" /><testcase classname="tests.test_clean_architecture_merge.TestAuthentication" name="test_engineer_login" time="0.273" /><testcase classname="tests.test_clean_architecture_merge.TestAuthentication" name="test_supervisor_login" time="0.271" /><testcase classname="tests.test_clean_architecture_merge.TestAuthentication" name="test_delivery_tracker_login" time="0.317" /><testcase classname="tests.test_clean_architecture_merge.TestAuthentication" name="test_invalid_credentials_rejected" time="0.038" /><testcase classname="tests.test_clean_architecture_merge.TestPurchaseOrders" name="test_list_purchase_orders" time="0.317" /><testcase classname="tests.test_clean_architecture_merge.TestPurchaseOrders" name="test_purchase_order_number_format" time="0.316" /><testcase classname="tests.test_clean_architecture_merge.TestPurchaseOrders" name="test_purchase_order_has_required_fields" time="0.312" /><testcase classname="tests.test_clean_architecture_merge.TestMaterialRequests" name="test_list_material_requests_pm" time="0.314" /><testcase classname="tests.test_clean_architecture_merge.TestMaterialRequests" name="test_list_material_requests_engineer" time="0.313" /><testcase classname="tests.test_clean_architecture_merge.TestMaterialRequests" name="test_material_request_has_required_fields" time="0.310" /><testcase classname="tests.test_clean_architecture_merge.TestProjects" name="test_list_projects" time="0.310" /><testcase classname="tests.test_clean_architecture_merge.TestProjects" name="test_project_has_required_fields" time="0.310" /><testcase classname="tests.test_clean_architecture_merge.TestSuppliers" name="test_list_suppliers" time="0.325" /><testcase classname="tests.test_clean_architecture_merge.TestSystemAdminStats" name="test_sysadmin_stats" time="0.314" /><testcase classname="tests.test_clean_architecture_merge.TestSystemAdminStats" name="test_sysadmin_stats_requires_admin_role" time="0.326" /><testcase classname="tests.test_clean_architecture_merge.TestDeliveryTracker" name="test_delivery_tracker_orders" time="0.353" /><testcase classname="tests.test_clean_architecture_merge.TestDeliveryTracker" name="test_delivery_tracker_stats" time="0.308" /><testcase classname="tests.test_clean_architecture_merge.TestDeliveryTracker" name="test_delivery_tracker_orders_have_order_number" time="0.309" /><testcase classname="tests.test_clean_architecture_merge.TestDeliveryTracker" name="test_delivery_tracker_requires_dt_role" time="0.353" /><testcase classname="tests.test_clean_architecture_merge.TestCleanArchitectureUseCases" name="test_supervisor_can_list_own_requests" time="0.318" /><testcase classname="tests.test_clean_architecture_merge.TestCleanArchitectureUseCases" name="test_create_request_requires_supervisor_role" time="0.305" /><testcase classname="tests.test_clean_architecture_merge.TestRoleBasedAccess" name="test_unauthenticated_access_rejected" time="0.034" /><testcase classname="tests.test_clean_architecture_merge.TestRoleBasedAccess" name="test_invalid_token_rejected" time="0.034" /></testsuite></testsuites>