<?xml version="1.0" encoding="utf-8"?><testsuites name="pytest tests"><testsuite name="pytest" errors="0" failures="0" skipped="0" tests="14" time="4.987" timestamp="2026-01-19T05:31:40.974265+00:00" hostname="agent-env-27aaaafc-cbb3-4c80-85b6-3256815ae9b6"><testcase classname="tests.test_rfq_system.TestRFQSystem" name="test_get_rfq_stats" time="0.320" /><testcase classname="tests.test_rfq_system.TestRFQSystem" name="test_get_rfq_list" time="0.299" /><testcase classname="tests.test_rfq_system.TestRFQSystem" name="test_get_rfq_list_with_pagination" time="0.293" /><testcase classname="tests.test_rfq_system.TestRFQSystem" name="test_create_rfq_with_items" time="0.322" /><testcase classname="tests.test_rfq_system.TestRFQSystem" name="test_create_rfq_without_items" time="0.340" /><testcase classname="tests.test_rfq_system.TestRFQSystem" name="test_get_rfq_details" time="0.385" /><testcase classname="tests.test_rfq_system.TestRFQSystem" name="test_get_rfq_details_not_found" time="0.326" /><testcase classname="tests.test_rfq_system.TestRFQSystem" name="test_download_rfq_pdf" time="0.367" /><testcase classname="tests.test_rfq_system.TestRFQSystem" name="test_add_supplier_to_rfq" time="0.404" /><testcase classname="tests.test_rfq_system.TestRFQSystem" name="test_get_whatsapp_link" time="0.357" /><testcase classname="tests.test_rfq_system.TestRFQSystem" name="test_update_rfq" time="0.374" /><testcase classname="tests.test_rfq_system.TestRFQSystem" name="test_send_rfq" time="0.357" /><testcase classname="tests.test_rfq_system.TestRFQSystem" name="test_delete_rfq" time="0.407" /><testcase classname="tests.test_rfq_system.TestRFQSystem" name="test_unauthorized_access" time="0.353" /></testsuite></testsuites>