<?xml version="1.0" encoding="utf-8"?><testsuites name="pytest tests"><testsuite name="pytest" errors="0" failures="3" skipped="0" tests="40" time="13.012" timestamp="2026-01-19T08:04:54.978744+00:00" hostname="agent-env-d80fb151-fb13-4770-9509-b5851c5b1aca"><testcase classname="tests.test_v2_comprehensive.TestAuthV2" name="test_auth_health" time="0.125" /><testcase classname="tests.test_v2_comprehensive.TestAuthV2" name="test_login_procurement_manager" time="0.318" /><testcase classname="tests.test_v2_comprehensive.TestAuthV2" name="test_login_supervisor" time="0.319" /><testcase classname="tests.test_v2_comprehensive.TestAuthV2" name="test_login_engineer" time="0.281" /><testcase classname="tests.test_v2_comprehensive.TestAuthV2" name="test_login_general_manager" time="0.276" /><testcase classname="tests.test_v2_comprehensive.TestAuthV2" name="test_login_invalid_credentials" time="0.037" /><testcase classname="tests.test_v2_comprehensive.TestAuthV2" name="test_get_current_user" time="0.321" /><testcase classname="tests.test_v2_comprehensive.TestAuthV2" name="test_get_engineers_list" time="0.325" /><testcase classname="tests.test_v2_comprehensive.TestRequestsV2" name="test_get_requests_stats" time="0.316" /><testcase classname="tests.test_v2_comprehensive.TestRequestsV2" name="test_get_requests_list" time="0.322" /><testcase classname="tests.test_v2_comprehensive.TestRequestsV2" name="test_get_requests_pagination" time="0.322" /><testcase classname="tests.test_v2_comprehensive.TestRequestsV2" name="test_create_request_as_supervisor" time="0.430" /><testcase classname="tests.test_v2_comprehensive.TestRFQV2" name="test_get_rfq_stats" time="0.328" /><testcase classname="tests.test_v2_comprehensive.TestRFQV2" name="test_get_rfq_list" time="0.344" /><testcase classname="tests.test_v2_comprehensive.TestRFQV2" name="test_create_rfq" time="0.387" /><testcase classname="tests.test_v2_comprehensive.TestRFQV2" name="test_rfq_permission_denied_for_supervisor" time="0.319" /><testcase classname="tests.test_v2_comprehensive.TestOrdersV2" name="test_get_orders_stats" time="0.336" /><testcase classname="tests.test_v2_comprehensive.TestOrdersV2" name="test_get_orders_list" time="0.321" /><testcase classname="tests.test_v2_comprehensive.TestOrdersV2" name="test_get_orders_pagination" time="0.314" /><testcase classname="tests.test_v2_comprehensive.TestOrdersV2" name="test_get_pending_orders" time="0.401" /><testcase classname="tests.test_v2_comprehensive.TestSuppliersV2" name="test_get_suppliers_list" time="0.316" /><testcase classname="tests.test_v2_comprehensive.TestSuppliersV2" name="test_get_suppliers_summary" time="0.318" /><testcase classname="tests.test_v2_comprehensive.TestSuppliersV2" name="test_get_active_suppliers" time="0.315"><failure message="assert 520 == 200&#10; +  where 520 = &lt;Response [520]&gt;.status_code">tests/test_v2_comprehensive.py:452: in test_get_active_suppliers
    assert response.status_code == 200
E   assert 520 == 200
E    +  where 520 = &lt;Response [520]&gt;.status_code</failure></testcase><testcase classname="tests.test_v2_comprehensive.TestSuppliersV2" name="test_create_supplier" time="0.326" /><testcase classname="tests.test_v2_comprehensive.TestSuppliersV2" name="test_suppliers_pagination" time="0.318" /><testcase classname="tests.test_v2_comprehensive.TestProjectsV2" name="test_get_projects_list" time="0.418" /><testcase classname="tests.test_v2_comprehensive.TestProjectsV2" name="test_get_projects_summary" time="0.315" /><testcase classname="tests.test_v2_comprehensive.TestProjectsV2" name="test_get_active_projects" time="0.356" /><testcase classname="tests.test_v2_comprehensive.TestProjectsV2" name="test_create_project" time="0.328" /><testcase classname="tests.test_v2_comprehensive.TestCatalogV2" name="test_get_catalog_items" time="0.315" /><testcase classname="tests.test_v2_comprehensive.TestCatalogV2" name="test_get_catalog_categories" time="0.358" /><testcase classname="tests.test_v2_comprehensive.TestCatalogV2" name="test_search_catalog" time="0.343" /><testcase classname="tests.test_v2_comprehensive.TestCatalogV2" name="test_suggest_item_code" time="0.312" /><testcase classname="tests.test_v2_comprehensive.TestCatalogV2" name="test_create_catalog_item" time="0.335" /><testcase classname="tests.test_v2_comprehensive.TestPermissions" name="test_supervisor_cannot_access_rfq" time="0.316" /><testcase classname="tests.test_v2_comprehensive.TestPermissions" name="test_engineer_can_access_requests" time="0.312" /><testcase classname="tests.test_v2_comprehensive.TestPermissions" name="test_general_manager_can_access_rfq" time="0.315" /><testcase classname="tests.test_v2_comprehensive.TestDeliveryV2" name="test_get_delivery_stats" time="0.319" /><testcase classname="tests.test_v2_comprehensive.TestGMV2" name="test_get_gm_stats" time="0.344"><failure message="assert 404 == 200&#10; +  where 404 = &lt;Response [404]&gt;.status_code">tests/test_v2_comprehensive.py:738: in test_get_gm_stats
    assert response.status_code == 200
E   assert 404 == 200
E    +  where 404 = &lt;Response [404]&gt;.status_code</failure></testcase><testcase classname="tests.test_v2_comprehensive.TestGMV2" name="test_get_gm_pending_orders" time="0.314"><failure message="assert 404 == 200&#10; +  where 404 = &lt;Response [404]&gt;.status_code">tests/test_v2_comprehensive.py:749: in test_get_gm_pending_orders
    assert response.status_code == 200
E   assert 404 == 200
E    +  where 404 = &lt;Response [404]&gt;.status_code</failure></testcase></testsuite></testsuites>