<?xml version="1.0" encoding="utf-8"?><testsuites name="pytest tests"><testsuite name="pytest" errors="0" failures="0" skipped="0" tests="12" time="4.297" timestamp="2026-01-18T13:13:00.124497+00:00" hostname="agent-env-c059dd09-e246-42b7-9b2d-ac08c3650079"><testcase classname="backend.tests.test_v2_frontend_integration.TestV2RequestsAPI" name="test_requests_list_returns_items_array" time="0.358" /><testcase classname="backend.tests.test_v2_frontend_integration.TestV2RequestsAPI" name="test_requests_stats_format" time="0.369" /><testcase classname="backend.tests.test_v2_frontend_integration.TestV2RequestsAPI" name="test_supervisor_can_access_requests" time="0.347" /><testcase classname="backend.tests.test_v2_frontend_integration.TestV2OrdersAPI" name="test_orders_list_returns_items_array" time="0.337" /><testcase classname="backend.tests.test_v2_frontend_integration.TestV2OrdersAPI" name="test_orders_stats_format" time="0.331" /><testcase classname="backend.tests.test_v2_frontend_integration.TestV2ProjectsAPI" name="test_projects_list_with_stats" time="0.364" /><testcase classname="backend.tests.test_v2_frontend_integration.TestV2ProjectsAPI" name="test_projects_summary" time="0.322" /><testcase classname="backend.tests.test_v2_frontend_integration.TestV2ProjectsAPI" name="test_quantity_engineer_can_access_projects" time="0.330" /><testcase classname="backend.tests.test_v2_frontend_integration.TestV2SuppliersAPI" name="test_suppliers_list_with_stats" time="0.374" /><testcase classname="backend.tests.test_v2_frontend_integration.TestV2SuppliersAPI" name="test_suppliers_summary" time="0.334" /><testcase classname="backend.tests.test_v2_frontend_integration.TestV2APIDataIntegrity" name="test_requests_items_have_required_fields" time="0.340" /><testcase classname="backend.tests.test_v2_frontend_integration.TestV2APIDataIntegrity" name="test_orders_items_have_required_fields" time="0.341" /></testsuite></testsuites>