<?xml version="1.0" encoding="utf-8"?><testsuites name="pytest tests"><testsuite name="pytest" errors="0" failures="0" skipped="0" tests="29" time="8.756" timestamp="2026-01-19T09:25:39.071187+00:00" hostname="agent-env-75e9b696-0c42-4cf0-a5fb-d82461d0e863"><testcase classname="tests.test_v2_iteration15_refactored.TestAuthentication" name="test_gm_login" time="0.346" /><testcase classname="tests.test_v2_iteration15_refactored.TestAuthentication" name="test_procurement_login" time="0.279" /><testcase classname="tests.test_v2_iteration15_refactored.TestAuthentication" name="test_supervisor_login" time="0.327" /><testcase classname="tests.test_v2_iteration15_refactored.TestAuthentication" name="test_admin_login" time="0.281" /><testcase classname="tests.test_v2_iteration15_refactored.TestAuthentication" name="test_invalid_login" time="0.040" /><testcase classname="tests.test_v2_iteration15_refactored.TestGMEndpoints" name="test_gm_stats" time="0.367" /><testcase classname="tests.test_v2_iteration15_refactored.TestGMEndpoints" name="test_gm_pending_orders" time="0.359" /><testcase classname="tests.test_v2_iteration15_refactored.TestGMEndpoints" name="test_gm_all_orders" time="0.321" /><testcase classname="tests.test_v2_iteration15_refactored.TestGMEndpoints" name="test_gm_all_orders_filtered" time="0.320" /><testcase classname="tests.test_v2_iteration15_refactored.TestGMEndpoints" name="test_gm_stats_unauthorized" time="0.035" /><testcase classname="tests.test_v2_iteration15_refactored.TestGMEndpoints" name="test_gm_stats_wrong_role" time="0.313" /><testcase classname="tests.test_v2_iteration15_refactored.TestReportsEndpoints" name="test_reports_dashboard" time="0.319" /><testcase classname="tests.test_v2_iteration15_refactored.TestReportsEndpoints" name="test_reports_dashboard_gm" time="0.320" /><testcase classname="tests.test_v2_iteration15_refactored.TestReportsEndpoints" name="test_reports_budget" time="0.324" /><testcase classname="tests.test_v2_iteration15_refactored.TestReportsEndpoints" name="test_reports_cost_savings" time="0.317" /><testcase classname="tests.test_v2_iteration15_refactored.TestReportsEndpoints" name="test_reports_unauthorized" time="0.038" /><testcase classname="tests.test_v2_iteration15_refactored.TestReportsEndpoints" name="test_reports_supervisor_forbidden" time="0.315" /><testcase classname="tests.test_v2_iteration15_refactored.TestSuppliersEndpoints" name="test_suppliers_active" time="0.316" /><testcase classname="tests.test_v2_iteration15_refactored.TestSuppliersEndpoints" name="test_suppliers_list" time="0.367" /><testcase classname="tests.test_v2_iteration15_refactored.TestSuppliersEndpoints" name="test_suppliers_summary" time="0.355" /><testcase classname="tests.test_v2_iteration15_refactored.TestOrdersEndpoints" name="test_orders_list" time="0.323" /><testcase classname="tests.test_v2_iteration15_refactored.TestOrdersEndpoints" name="test_orders_stats" time="0.319" /><testcase classname="tests.test_v2_iteration15_refactored.TestRequestsEndpoints" name="test_requests_list" time="0.360" /><testcase classname="tests.test_v2_iteration15_refactored.TestRequestsEndpoints" name="test_requests_stats" time="0.377" /><testcase classname="tests.test_v2_iteration15_refactored.TestRequestsEndpoints" name="test_requests_pending" time="0.315" /><testcase classname="tests.test_v2_iteration15_refactored.TestAdvancedReports" name="test_advanced_summary" time="0.357" /><testcase classname="tests.test_v2_iteration15_refactored.TestAdvancedReports" name="test_approval_analytics" time="0.321" /><testcase classname="tests.test_v2_iteration15_refactored.TestAdvancedReports" name="test_supplier_performance" time="0.311" /><testcase classname="tests.test_v2_iteration15_refactored.TestAdvancedReports" name="test_price_variance" time="0.315" /></testsuite></testsuites>