<?xml version="1.0" encoding="utf-8"?><testsuites name="pytest tests"><testsuite name="pytest" errors="0" failures="0" skipped="0" tests="21" time="33.525" timestamp="2026-01-19T08:22:19.400259+00:00" hostname="agent-env-d80fb151-fb13-4770-9509-b5851c5b1aca"><testcase classname="tests.test_v2_integration_iteration14.TestAuthenticationV2" name="test_supervisor_login" time="0.366" /><testcase classname="tests.test_v2_integration_iteration14.TestAuthenticationV2" name="test_engineer_login" time="0.278" /><testcase classname="tests.test_v2_integration_iteration14.TestAuthenticationV2" name="test_procurement_login" time="0.279" /><testcase classname="tests.test_v2_integration_iteration14.TestAuthenticationV2" name="test_delivery_login" time="0.281" /><testcase classname="tests.test_v2_integration_iteration14.TestRequestsV2" name="test_get_requests_list" time="0.330" /><testcase classname="tests.test_v2_integration_iteration14.TestRequestsV2" name="test_get_requests_stats" time="0.315" /><testcase classname="tests.test_v2_integration_iteration14.TestRequestsV2" name="test_get_pending_requests" time="0.315" /><testcase classname="tests.test_v2_integration_iteration14.TestDeliveryV2" name="test_get_delivery_pending" time="0.319" /><testcase classname="tests.test_v2_integration_iteration14.TestDeliveryV2" name="test_get_delivery_stats" time="0.320" /><testcase classname="tests.test_v2_integration_iteration14.TestOrdersV2" name="test_get_orders_list" time="0.321" /><testcase classname="tests.test_v2_integration_iteration14.TestOrdersV2" name="test_get_orders_stats" time="0.317" /><testcase classname="tests.test_v2_integration_iteration14.TestOrdersV2" name="test_get_pending_orders" time="0.315" /><testcase classname="tests.test_v2_integration_iteration14.TestEndToEndFlow" name="test_get_projects_for_request" time="0.323" /><testcase classname="tests.test_v2_integration_iteration14.TestEndToEndFlow" name="test_get_engineers_list" time="0.314" /><testcase classname="tests.test_v2_integration_iteration14.TestEndToEndFlow" name="test_create_request_flow" time="0.832" /><testcase classname="tests.test_v2_integration_iteration14.TestDashboardAPIs" name="test_supervisor_dashboard_apis" time="1.236" /><testcase classname="tests.test_v2_integration_iteration14.TestDashboardAPIs" name="test_engineer_dashboard_apis" time="1.273" /><testcase classname="tests.test_v2_integration_iteration14.TestDashboardAPIs" name="test_procurement_dashboard_apis" time="1.319" /><testcase classname="tests.test_v2_integration_iteration14.TestDashboardAPIs" name="test_delivery_dashboard_apis" time="1.212" /><testcase classname="tests.test_v2_integration_iteration14.TestRejectAndResubmitFlow" name="test_reject_request_endpoint" time="0.362" /><testcase classname="tests.test_v2_integration_iteration14.TestRejectAndResubmitFlow" name="test_resubmit_endpoint_exists" time="22.807" /></testsuite></testsuites>